Build started 2016-12-05 2:38:32 PM.
     1>Project "C:\Users\user\Desktop\Fanshawe\Networking\RyanHammond-networking-project-2-d9fc46feecb2\ClientServerNonBlocking\Client\Client.vcxproj" on node 2 (Build target(s)).
     1>ClCompile:
         C:\Program Files (x86)\Microsoft Visual Studio 14.0\VC\bin\CL.exe /c /ZI /nologo /W3 /WX- /Od /Oy- /D WIN32 /D _DEBUG /D _CONSOLE /D _UNICODE /D UNICODE /Gm /EHsc /RTC1 /MTd /GS /fp:precise /Zc:wchar_t /Zc:forScope /Zc:inline /Fo"Debug\\" /Fd"Debug\vc140.pdb" /Gd /TP /analyze- /errorReport:prompt Buffer.cpp Client.cpp Headers.pb.cc
         Headers.pb.cc
         Client.cpp
     1>c:\users\user\desktop\fanshawe\networking\ryanhammond-networking-project-2-d9fc46feecb2\clientservernonblocking\client\client.cpp(436): warning C4101: 'roomLength': unreferenced local variable
     1>c:\users\user\desktop\fanshawe\networking\ryanhammond-networking-project-2-d9fc46feecb2\clientservernonblocking\client\client.cpp(438): warning C4101: 'messageLength': unreferenced local variable
     1>c:\users\user\desktop\fanshawe\networking\ryanhammond-networking-project-2-d9fc46feecb2\clientservernonblocking\client\client.cpp(432): warning C4101: 'nameLength': unreferenced local variable
         Buffer.cpp
     1>c:\users\user\desktop\fanshawe\networking\ryanhammond-networking-project-2-d9fc46feecb2\clientservernonblocking\client\buffer.cpp(24): warning C4244: '=': conversion from 'short' to 'unsigned char', possible loss of data
     1>c:\users\user\desktop\fanshawe\networking\ryanhammond-networking-project-2-d9fc46feecb2\clientservernonblocking\client\buffer.cpp(43): warning C4267: 'argument': conversion from 'size_t' to 'short', possible loss of data
     1>c:\users\user\desktop\fanshawe\networking\ryanhammond-networking-project-2-d9fc46feecb2\clientservernonblocking\client\buffer.cpp(47): warning C4018: '<': signed/unsigned mismatch
     1>c:\users\user\desktop\fanshawe\networking\ryanhammond-networking-project-2-d9fc46feecb2\clientservernonblocking\client\buffer.cpp(90): warning C4018: '<': signed/unsigned mismatch
     1>c:\users\user\desktop\fanshawe\networking\ryanhammond-networking-project-2-d9fc46feecb2\clientservernonblocking\client\buffer.cpp(106): warning C4244: '=': conversion from 'int16_t' to 'unsigned char', possible loss of data
     1>c:\users\user\desktop\fanshawe\networking\ryanhammond-networking-project-2-d9fc46feecb2\clientservernonblocking\client\buffer.cpp(182): warning C4018: '<': signed/unsigned mismatch
         Generating Code...
       Link:
         C:\Program Files (x86)\Microsoft Visual Studio 14.0\VC\bin\link.exe /ERRORREPORT:PROMPT /OUT:"C:\Users\user\Desktop\Fanshawe\Networking\RyanHammond-networking-project-2-d9fc46feecb2\ClientServerNonBlocking\Debug\Client.exe" /INCREMENTAL /NOLOGO libprotobufd.lib "libprotobuf-lited.lib" libprotocd.lib kernel32.lib user32.lib gdi32.lib winspool.lib comdlg32.lib advapi32.lib shell32.lib ole32.lib oleaut32.lib uuid.lib odbc32.lib odbccp32.lib /MANIFEST /MANIFESTUAC:"level='asInvoker' uiAccess='false'" /manifest:embed /Debug /PDB:"C:\Users\user\Desktop\Fanshawe\Networking\RyanHammond-networking-project-2-d9fc46feecb2\ClientServerNonBlocking\Debug\Client.pdb" /SUBSYSTEM:CONSOLE /TLBID:1 /DYNAMICBASE /NXCOMPAT /IMPLIB:"C:\Users\user\Desktop\Fanshawe\Networking\RyanHammond-networking-project-2-d9fc46feecb2\ClientServerNonBlocking\Debug\Client.lib" /MACHINE:X86 Debug\Buffer.obj
         Debug\Client.obj
         Debug\Headers.pb.obj
         LINK : C:\Users\user\Desktop\Fanshawe\Networking\RyanHammond-networking-project-2-d9fc46feecb2\ClientServerNonBlocking\Debug\Client.exe not found or not built by the last incremental link; performing full link
     1>libprotobufd.lib(arena.cc.obj) : warning LNK4099: PDB 'vc140.pdb' was not found with 'libprotobufd.lib(arena.cc.obj)' or at 'C:\Users\user\Desktop\Fanshawe\Networking\RyanHammond-networking-project-2-d9fc46feecb2\ClientServerNonBlocking\Debug\vc140.pdb'; linking object as if no debug info
     1>libprotobufd.lib(arenastring.cc.obj) : warning LNK4099: PDB 'vc140.pdb' was not found with 'libprotobufd.lib(arenastring.cc.obj)' or at 'C:\Users\user\Desktop\Fanshawe\Networking\RyanHammond-networking-project-2-d9fc46feecb2\ClientServerNonBlocking\Debug\vc140.pdb'; linking object as if no debug info
     1>libprotobufd.lib(extension_set.cc.obj) : warning LNK4099: PDB 'vc140.pdb' was not found with 'libprotobufd.lib(extension_set.cc.obj)' or at 'C:\Users\user\Desktop\Fanshawe\Networking\RyanHammond-networking-project-2-d9fc46feecb2\ClientServerNonBlocking\Debug\vc140.pdb'; linking object as if no debug info
     1>libprotobufd.lib(generated_message_util.cc.obj) : warning LNK4099: PDB 'vc140.pdb' was not found with 'libprotobufd.lib(generated_message_util.cc.obj)' or at 'C:\Users\user\Desktop\Fanshawe\Networking\RyanHammond-networking-project-2-d9fc46feecb2\ClientServerNonBlocking\Debug\vc140.pdb'; linking object as if no debug info
     1>libprotobufd.lib(coded_stream.cc.obj) : warning LNK4099: PDB 'vc140.pdb' was not found with 'libprotobufd.lib(coded_stream.cc.obj)' or at 'C:\Users\user\Desktop\Fanshawe\Networking\RyanHammond-networking-project-2-d9fc46feecb2\ClientServerNonBlocking\Debug\vc140.pdb'; linking object as if no debug info
     1>libprotobufd.lib(zero_copy_stream.cc.obj) : warning LNK4099: PDB 'vc140.pdb' was not found with 'libprotobufd.lib(zero_copy_stream.cc.obj)' or at 'C:\Users\user\Desktop\Fanshawe\Networking\RyanHammond-networking-project-2-d9fc46feecb2\ClientServerNonBlocking\Debug\vc140.pdb'; linking object as if no debug info
     1>libprotobufd.lib(zero_copy_stream_impl_lite.cc.obj) : warning LNK4099: PDB 'vc140.pdb' was not found with 'libprotobufd.lib(zero_copy_stream_impl_lite.cc.obj)' or at 'C:\Users\user\Desktop\Fanshawe\Networking\RyanHammond-networking-project-2-d9fc46feecb2\ClientServerNonBlocking\Debug\vc140.pdb'; linking object as if no debug info
     1>libprotobufd.lib(message_lite.cc.obj) : warning LNK4099: PDB 'vc140.pdb' was not found with 'libprotobufd.lib(message_lite.cc.obj)' or at 'C:\Users\user\Desktop\Fanshawe\Networking\RyanHammond-networking-project-2-d9fc46feecb2\ClientServerNonBlocking\Debug\vc140.pdb'; linking object as if no debug info
     1>libprotobufd.lib(repeated_field.cc.obj) : warning LNK4099: PDB 'vc140.pdb' was not found with 'libprotobufd.lib(repeated_field.cc.obj)' or at 'C:\Users\user\Desktop\Fanshawe\Networking\RyanHammond-networking-project-2-d9fc46feecb2\ClientServerNonBlocking\Debug\vc140.pdb'; linking object as if no debug info
     1>libprotobufd.lib(atomicops_internals_x86_msvc.cc.obj) : warning LNK4099: PDB 'vc140.pdb' was not found with 'libprotobufd.lib(atomicops_internals_x86_msvc.cc.obj)' or at 'C:\Users\user\Desktop\Fanshawe\Networking\RyanHammond-networking-project-2-d9fc46feecb2\ClientServerNonBlocking\Debug\vc140.pdb'; linking object as if no debug info
     1>libprotobufd.lib(common.cc.obj) : warning LNK4099: PDB 'vc140.pdb' was not found with 'libprotobufd.lib(common.cc.obj)' or at 'C:\Users\user\Desktop\Fanshawe\Networking\RyanHammond-networking-project-2-d9fc46feecb2\ClientServerNonBlocking\Debug\vc140.pdb'; linking object as if no debug info
     1>libprotobufd.lib(int128.cc.obj) : warning LNK4099: PDB 'vc140.pdb' was not found with 'libprotobufd.lib(int128.cc.obj)' or at 'C:\Users\user\Desktop\Fanshawe\Networking\RyanHammond-networking-project-2-d9fc46feecb2\ClientServerNonBlocking\Debug\vc140.pdb'; linking object as if no debug info
     1>libprotobufd.lib(once.cc.obj) : warning LNK4099: PDB 'vc140.pdb' was not found with 'libprotobufd.lib(once.cc.obj)' or at 'C:\Users\user\Desktop\Fanshawe\Networking\RyanHammond-networking-project-2-d9fc46feecb2\ClientServerNonBlocking\Debug\vc140.pdb'; linking object as if no debug info
     1>libprotobufd.lib(status.cc.obj) : warning LNK4099: PDB 'vc140.pdb' was not found with 'libprotobufd.lib(status.cc.obj)' or at 'C:\Users\user\Desktop\Fanshawe\Networking\RyanHammond-networking-project-2-d9fc46feecb2\ClientServerNonBlocking\Debug\vc140.pdb'; linking object as if no debug info
     1>libprotobufd.lib(stringpiece.cc.obj) : warning LNK4099: PDB 'vc140.pdb' was not found with 'libprotobufd.lib(stringpiece.cc.obj)' or at 'C:\Users\user\Desktop\Fanshawe\Networking\RyanHammond-networking-project-2-d9fc46feecb2\ClientServerNonBlocking\Debug\vc140.pdb'; linking object as if no debug info
     1>libprotobufd.lib(stringprintf.cc.obj) : warning LNK4099: PDB 'vc140.pdb' was not found with 'libprotobufd.lib(stringprintf.cc.obj)' or at 'C:\Users\user\Desktop\Fanshawe\Networking\RyanHammond-networking-project-2-d9fc46feecb2\ClientServerNonBlocking\Debug\vc140.pdb'; linking object as if no debug info
     1>libprotobufd.lib(structurally_valid.cc.obj) : warning LNK4099: PDB 'vc140.pdb' was not found with 'libprotobufd.lib(structurally_valid.cc.obj)' or at 'C:\Users\user\Desktop\Fanshawe\Networking\RyanHammond-networking-project-2-d9fc46feecb2\ClientServerNonBlocking\Debug\vc140.pdb'; linking object as if no debug info
     1>libprotobufd.lib(strutil.cc.obj) : warning LNK4099: PDB 'vc140.pdb' was not found with 'libprotobufd.lib(strutil.cc.obj)' or at 'C:\Users\user\Desktop\Fanshawe\Networking\RyanHammond-networking-project-2-d9fc46feecb2\ClientServerNonBlocking\Debug\vc140.pdb'; linking object as if no debug info
     1>libprotobufd.lib(wire_format_lite.cc.obj) : warning LNK4099: PDB 'vc140.pdb' was not found with 'libprotobufd.lib(wire_format_lite.cc.obj)' or at 'C:\Users\user\Desktop\Fanshawe\Networking\RyanHammond-networking-project-2-d9fc46feecb2\ClientServerNonBlocking\Debug\vc140.pdb'; linking object as if no debug info
     1>libprotobufd.lib(any.cc.obj) : warning LNK4099: PDB 'vc140.pdb' was not found with 'libprotobufd.lib(any.cc.obj)' or at 'C:\Users\user\Desktop\Fanshawe\Networking\RyanHammond-networking-project-2-d9fc46feecb2\ClientServerNonBlocking\Debug\vc140.pdb'; linking object as if no debug info
     1>libprotobufd.lib(descriptor.cc.obj) : warning LNK4099: PDB 'vc140.pdb' was not found with 'libprotobufd.lib(descriptor.cc.obj)' or at 'C:\Users\user\Desktop\Fanshawe\Networking\RyanHammond-networking-project-2-d9fc46feecb2\ClientServerNonBlocking\Debug\vc140.pdb'; linking object as if no debug info
     1>libprotobufd.lib(descriptor.pb.cc.obj) : warning LNK4099: PDB 'vc140.pdb' was not found with 'libprotobufd.lib(descriptor.pb.cc.obj)' or at 'C:\Users\user\Desktop\Fanshawe\Networking\RyanHammond-networking-project-2-d9fc46feecb2\ClientServerNonBlocking\Debug\vc140.pdb'; linking object as if no debug info
     1>libprotobufd.lib(descriptor_database.cc.obj) : warning LNK4099: PDB 'vc140.pdb' was not found with 'libprotobufd.lib(descriptor_database.cc.obj)' or at 'C:\Users\user\Desktop\Fanshawe\Networking\RyanHammond-networking-project-2-d9fc46feecb2\ClientServerNonBlocking\Debug\vc140.pdb'; linking object as if no debug info
     1>libprotobufd.lib(dynamic_message.cc.obj) : warning LNK4099: PDB 'vc140.pdb' was not found with 'libprotobufd.lib(dynamic_message.cc.obj)' or at 'C:\Users\user\Desktop\Fanshawe\Networking\RyanHammond-networking-project-2-d9fc46feecb2\ClientServerNonBlocking\Debug\vc140.pdb'; linking object as if no debug info
     1>libprotobufd.lib(extension_set_heavy.cc.obj) : warning LNK4099: PDB 'vc140.pdb' was not found with 'libprotobufd.lib(extension_set_heavy.cc.obj)' or at 'C:\Users\user\Desktop\Fanshawe\Networking\RyanHammond-networking-project-2-d9fc46feecb2\ClientServerNonBlocking\Debug\vc140.pdb'; linking object as if no debug info
     1>libprotobufd.lib(generated_message_reflection.cc.obj) : warning LNK4099: PDB 'vc140.pdb' was not found with 'libprotobufd.lib(generated_message_reflection.cc.obj)' or at 'C:\Users\user\Desktop\Fanshawe\Networking\RyanHammond-networking-project-2-d9fc46feecb2\ClientServerNonBlocking\Debug\vc140.pdb'; linking object as if no debug info
     1>libprotobufd.lib(strtod.cc.obj) : warning LNK4099: PDB 'vc140.pdb' was not found with 'libprotobufd.lib(strtod.cc.obj)' or at 'C:\Users\user\Desktop\Fanshawe\Networking\RyanHammond-networking-project-2-d9fc46feecb2\ClientServerNonBlocking\Debug\vc140.pdb'; linking object as if no debug info
     1>libprotobufd.lib(tokenizer.cc.obj) : warning LNK4099: PDB 'vc140.pdb' was not found with 'libprotobufd.lib(tokenizer.cc.obj)' or at 'C:\Users\user\Desktop\Fanshawe\Networking\RyanHammond-networking-project-2-d9fc46feecb2\ClientServerNonBlocking\Debug\vc140.pdb'; linking object as if no debug info
     1>libprotobufd.lib(zero_copy_stream_impl.cc.obj) : warning LNK4099: PDB 'vc140.pdb' was not found with 'libprotobufd.lib(zero_copy_stream_impl.cc.obj)' or at 'C:\Users\user\Desktop\Fanshawe\Networking\RyanHammond-networking-project-2-d9fc46feecb2\ClientServerNonBlocking\Debug\vc140.pdb'; linking object as if no debug info
     1>libprotobufd.lib(map_field.cc.obj) : warning LNK4099: PDB 'vc140.pdb' was not found with 'libprotobufd.lib(map_field.cc.obj)' or at 'C:\Users\user\Desktop\Fanshawe\Networking\RyanHammond-networking-project-2-d9fc46feecb2\ClientServerNonBlocking\Debug\vc140.pdb'; linking object as if no debug info
     1>libprotobufd.lib(message.cc.obj) : warning LNK4099: PDB 'vc140.pdb' was not found with 'libprotobufd.lib(message.cc.obj)' or at 'C:\Users\user\Desktop\Fanshawe\Networking\RyanHammond-networking-project-2-d9fc46feecb2\ClientServerNonBlocking\Debug\vc140.pdb'; linking object as if no debug info
     1>libprotobufd.lib(reflection_ops.cc.obj) : warning LNK4099: PDB 'vc140.pdb' was not found with 'libprotobufd.lib(reflection_ops.cc.obj)' or at 'C:\Users\user\Desktop\Fanshawe\Networking\RyanHammond-networking-project-2-d9fc46feecb2\ClientServerNonBlocking\Debug\vc140.pdb'; linking object as if no debug info
     1>libprotobufd.lib(substitute.cc.obj) : warning LNK4099: PDB 'vc140.pdb' was not found with 'libprotobufd.lib(substitute.cc.obj)' or at 'C:\Users\user\Desktop\Fanshawe\Networking\RyanHammond-networking-project-2-d9fc46feecb2\ClientServerNonBlocking\Debug\vc140.pdb'; linking object as if no debug info
     1>libprotobufd.lib(text_format.cc.obj) : warning LNK4099: PDB 'vc140.pdb' was not found with 'libprotobufd.lib(text_format.cc.obj)' or at 'C:\Users\user\Desktop\Fanshawe\Networking\RyanHammond-networking-project-2-d9fc46feecb2\ClientServerNonBlocking\Debug\vc140.pdb'; linking object as if no debug info
     1>libprotobufd.lib(unknown_field_set.cc.obj) : warning LNK4099: PDB 'vc140.pdb' was not found with 'libprotobufd.lib(unknown_field_set.cc.obj)' or at 'C:\Users\user\Desktop\Fanshawe\Networking\RyanHammond-networking-project-2-d9fc46feecb2\ClientServerNonBlocking\Debug\vc140.pdb'; linking object as if no debug info
     1>libprotobufd.lib(wire_format.cc.obj) : warning LNK4099: PDB 'vc140.pdb' was not found with 'libprotobufd.lib(wire_format.cc.obj)' or at 'C:\Users\user\Desktop\Fanshawe\Networking\RyanHammond-networking-project-2-d9fc46feecb2\ClientServerNonBlocking\Debug\vc140.pdb'; linking object as if no debug info
         Client.vcxproj -> C:\Users\user\Desktop\Fanshawe\Networking\RyanHammond-networking-project-2-d9fc46feecb2\ClientServerNonBlocking\Debug\Client.exe
     1>Done Building Project "C:\Users\user\Desktop\Fanshawe\Networking\RyanHammond-networking-project-2-d9fc46feecb2\ClientServerNonBlocking\Client\Client.vcxproj" (Build target(s)).

Build succeeded.

Time Elapsed 00:00:12.46
